#
# There is insufficient memory for the Java Runtime Environment to continue.
# Native memory allocation (mmap) failed to map 65536 bytes for Failed to commit metaspace.
# Possible reasons:
#   The system is out of physical RAM or swap space
#   The process is running with CompressedOops enabled, and the Java Heap may be blocking the growth of the native heap
# Possible solutions:
#   Reduce memory load on the system
#   Increase physical memory or swap space
#   Check if swap backing store is full
#   Decrease Java heap size (-Xmx/-Xms)
#   Decrease number of Java threads
#   Decrease Java thread stack sizes (-Xss)
#   Set larger code cache with -XX:ReservedCodeCacheSize=
#   JVM is running with Unscaled Compressed Oops mode in which the Java heap is
#     placed in the first 4GB address space. The Java Heap base address is the
#     maximum limit for the native heap growth. Please use -XX:HeapBaseMinAddress
#     to set the Java Heap base and to place the Java Heap above 4GB virtual address.
# This output file may be truncated or incomplete.
#
#  Out of Memory Error (virtualSpaceNode.cpp:110), pid=12284, tid=1304
#
# JRE version: OpenJDK Runtime Environment (17.0.7) (build 17.0.7+0-b2043.56-10550314)
# Java VM: OpenJDK 64-Bit Server VM (17.0.7+0-b2043.56-10550314, mixed mode, tiered, compressed oops, compressed class ptrs, g1 gc, windows-amd64)
# No core dump will be written. Minidumps are not enabled by default on client versions of Windows
#

---------------  S U M M A R Y ------------

Command Line: org.jetbrains.kotlin.cli.jvm.K2JVMCompiler @C:\Users\joaoc\AndroidStudioProjects\DiceRoller\app\build\20240324_8366409413043303589.compiler.options

Host: Intel(R) Core(TM) i5-1035G1 CPU @ 1.00GHz, 8 cores, 7G,  Windows 11 , 64 bit Build 22621 (10.0.22621.3235)
Time: Sun Mar 24 21:34:23 2024 Hora oficial do Brasil elapsed time: 13.346110 seconds (0d 0h 0m 13s)

---------------  T H R E A D  ---------------

Current thread (0x00000213f517b8d0):  JavaThread "main" [_thread_in_vm, id=1304, stack(0x00000058d4100000,0x00000058d4200000)]

Stack: [0x00000058d4100000,0x00000058d4200000]
Native frames: (J=compiled Java code, j=interpreted, Vv=VM code, C=native code)
V  [jvm.dll+0x683bfa]
V  [jvm.dll+0x8430a4]
V  [jvm.dll+0x8449be]
V  [jvm.dll+0x845023]
V  [jvm.dll+0x24ad2f]
V  [jvm.dll+0x83e45b]
V  [jvm.dll+0x6281e6]
V  [jvm.dll+0x1c29ee]
V  [jvm.dll+0x62ab31]
V  [jvm.dll+0x628b86]
V  [jvm.dll+0x1eef2e]
V  [jvm.dll+0x1ef8d4]
V  [jvm.dll+0x1e4e1c]
V  [jvm.dll+0x54a1dd]
V  [jvm.dll+0x7bd775]
V  [jvm.dll+0x7bd88e]
V  [jvm.dll+0x413a8a]
V  [jvm.dll+0x419c09]
C  [java.dll+0x17ec]

Java frames: (J=compiled Java code, j=interpreted, Vv=VM code)
J 488  java.lang.ClassLoader.defineClass1(Ljava/lang/ClassLoader;Ljava/lang/String;[BIILjava/security/ProtectionDomain;Ljava/lang/String;)Ljava/lang/Class; java.base@17.0.7 (0 bytes) @ 0x0000021387aed7db [0x0000021387aed720+0x00000000000000bb]
J 484 c1 java.lang.ClassLoader.defineClass(Ljava/lang/String;[BIILjava/security/ProtectionDomain;)Ljava/lang/Class; java.base@17.0.7 (43 bytes) @ 0x00000213800e21c4 [0x00000213800e1e80+0x0000000000000344]
J 436 c1 java.security.SecureClassLoader.defineClass(Ljava/lang/String;[BIILjava/security/CodeSource;)Ljava/lang/Class; java.base@17.0.7 (16 bytes) @ 0x00000213800c420c [0x00000213800c4140+0x00000000000000cc]
J 437 c1 jdk.internal.loader.BuiltinClassLoader.defineClass(Ljava/lang/String;Ljdk/internal/loader/Resource;)Ljava/lang/Class; java.base@17.0.7 (121 bytes) @ 0x00000213800c06ac [0x00000213800bf420+0x000000000000128c]
J 312 c1 jdk.internal.loader.BuiltinClassLoader.findClassOnClassPathOrNull(Ljava/lang/String;)Ljava/lang/Class; java.base@17.0.7 (64 bytes) @ 0x0000021380076f7c [0x0000021380075f00+0x000000000000107c]
J 208 c1 jdk.internal.loader.BuiltinClassLoader.loadClassOrNull(Ljava/lang/String;Z)Ljava/lang/Class; java.base@17.0.7 (143 bytes) @ 0x0000021380046d04 [0x0000021380045e40+0x0000000000000ec4]
J 288 c1 jdk.internal.loader.ClassLoaders$AppClassLoader.loadClass(Ljava/lang/String;Z)Ljava/lang/Class; java.base@17.0.7 (40 bytes) @ 0x0000021380062774 [0x0000021380062160+0x0000000000000614]
J 287 c1 java.lang.ClassLoader.loadClass(Ljava/lang/String;)Ljava/lang/Class; java.base@17.0.7 (7 bytes) @ 0x0000021380061dbc [0x0000021380061cc0+0x00000000000000fc]
v  ~StubRoutines::call_stub
j  org.jetbrains.kotlin.backend.jvm.lower.RepeatedAnnotationLoweringKt.<clinit>()V+0
v  ~StubRoutines::call_stub
j  org.jetbrains.kotlin.backend.jvm.lower.AdditionalClassAnnotationLoweringKt.<clinit>()V+10
v  ~StubRoutines::call_stub
j  org.jetbrains.kotlin.backend.jvm.JvmLowerKt.<clinit>()V+1331
v  ~StubRoutines::call_stub
j  org.jetbrains.kotlin.backend.jvm.JvmPhasesKt.getJvmPhases()Lorg/jetbrains/kotlin/backend/common/phaser/NamedCompilerPhase;+0
j  org.jetbrains.kotlin.cli.jvm.K2JVMCompiler.doExecute(Lorg/jetbrains/kotlin/cli/common/arguments/K2JVMCompilerArguments;Lorg/jetbrains/kotlin/config/CompilerConfiguration;Lorg/jetbrains/kotlin/com/intellij/openapi/Disposable;Lorg/jetbrains/kotlin/utils/KotlinPaths;)Lorg/jetbrains/kotlin/cli/common/ExitCode;+63
j  org.jetbrains.kotlin.cli.jvm.K2JVMCompiler.doExecute(Lorg/jetbrains/kotlin/cli/common/arguments/CommonCompilerArguments;Lorg/jetbrains/kotlin/config/CompilerConfiguration;Lorg/jetbrains/kotlin/com/intellij/openapi/Disposable;Lorg/jetbrains/kotlin/utils/KotlinPaths;)Lorg/jetbrains/kotlin/cli/common/ExitCode;+9
j  org.jetbrains.kotlin.cli.common.CLICompiler.execImpl(Lorg/jetbrains/kotlin/cli/common/messages/MessageCollector;Lorg/jetbrains/kotlin/config/Services;Lorg/jetbrains/kotlin/cli/common/arguments/CommonCompilerArguments;)Lorg/jetbrains/kotlin/cli/common/ExitCode;+219
j  org.jetbrains.kotlin.cli.common.CLICompiler.execImpl(Lorg/jetbrains/kotlin/cli/common/messages/MessageCollector;Lorg/jetbrains/kotlin/config/Services;Lorg/jetbrains/kotlin/cli/common/arguments/CommonToolArguments;)Lorg/jetbrains/kotlin/cli/common/ExitCode;+7
j  org.jetbrains.kotlin.cli.common.CLITool.exec(Lorg/jetbrains/kotlin/cli/common/messages/MessageCollector;Lorg/jetbrains/kotlin/config/Services;Lorg/jetbrains/kotlin/cli/common/arguments/CommonToolArguments;)Lorg/jetbrains/kotlin/cli/common/ExitCode;+76
j  org.jetbrains.kotlin.cli.common.CLITool.exec(Ljava/io/PrintStream;Lorg/jetbrains/kotlin/config/Services;Lorg/jetbrains/kotlin/cli/common/messages/MessageRenderer;[Ljava/lang/String;)Lorg/jetbrains/kotlin/cli/common/ExitCode;+239
j  org.jetbrains.kotlin.cli.common.CLITool.exec(Ljava/io/PrintStream;Lorg/jetbrains/kotlin/cli/common/messages/MessageRenderer;[Ljava/lang/String;)Lorg/jetbrains/kotlin/cli/common/ExitCode;+25
j  org.jetbrains.kotlin.cli.common.CLITool$Companion.doMainNoExit(Lorg/jetbrains/kotlin/cli/common/CLITool;[Ljava/lang/String;Lorg/jetbrains/kotlin/cli/common/messages/MessageRenderer;)Lorg/jetbrains/kotlin/cli/common/ExitCode;+39
j  org.jetbrains.kotlin.cli.common.CLITool$Companion.doMainNoExit$default(Lorg/jetbrains/kotlin/cli/common/CLITool$Companion;Lorg/jetbrains/kotlin/cli/common/CLITool;[Ljava/lang/String;Lorg/jetbrains/kotlin/cli/common/messages/MessageRenderer;ILjava/lang/Object;)Lorg/jetbrains/kotlin/cli/common/ExitCode;+16
j  org.jetbrains.kotlin.cli.common.CLITool$Companion.doMain(Lorg/jetbrains/kotlin/cli/common/CLITool;[Ljava/lang/String;)V+57
j  org.jetbrains.kotlin.cli.jvm.K2JVMCompiler$Companion.main([Ljava/lang/String;)V+20
j  org.jetbrains.kotlin.cli.jvm.K2JVMCompiler.main([Ljava/lang/String;)V+4
v  ~StubRoutines::call_stub

---------------  P R O C E S S  ---------------

Threads class SMR info:
_java_thread_list=0x00000213931987c0, length=12, elements={
0x00000213f517b8d0, 0x0000021393016280, 0x00000213930175d0, 0x000002139304df50,
0x000002139304eb00, 0x000002139304f5b0, 0x0000021393046230, 0x0000021393047370,
0x0000021393049890, 0x0000021393057b10, 0x00000213931aeef0, 0x00000213931ba000
}

Java Threads: ( => current thread )
=>0x00000213f517b8d0 JavaThread "main" [_thread_in_vm, id=1304, stack(0x00000058d4100000,0x00000058d4200000)]
  0x0000021393016280 JavaThread "Reference Handler" daemon [_thread_blocked, id=17204, stack(0x00000058d4800000,0x00000058d4900000)]
  0x00000213930175d0 JavaThread "Finalizer" daemon [_thread_blocked, id=19992, stack(0x00000058d4900000,0x00000058d4a00000)]
  0x000002139304df50 JavaThread "Signal Dispatcher" daemon [_thread_blocked, id=14000, stack(0x00000058d4a00000,0x00000058d4b00000)]
  0x000002139304eb00 JavaThread "Attach Listener" daemon [_thread_blocked, id=15480, stack(0x00000058d4b00000,0x00000058d4c00000)]
  0x000002139304f5b0 JavaThread "Service Thread" daemon [_thread_blocked, id=21232, stack(0x00000058d4c00000,0x00000058d4d00000)]
  0x0000021393046230 JavaThread "Monitor Deflation Thread" daemon [_thread_blocked, id=11864, stack(0x00000058d4d00000,0x00000058d4e00000)]
  0x0000021393047370 JavaThread "C2 CompilerThread0" daemon [_thread_blocked, id=9116, stack(0x00000058d4e00000,0x00000058d4f00000)]
  0x0000021393049890 JavaThread "C1 CompilerThread0" daemon [_thread_blocked, id=12496, stack(0x00000058d4f00000,0x00000058d5000000)]
  0x0000021393057b10 JavaThread "Sweeper thread" daemon [_thread_blocked, id=10948, stack(0x00000058d5000000,0x00000058d5100000)]
  0x00000213931aeef0 JavaThread "Notification Thread" daemon [_thread_blocked, id=2220, stack(0x00000058d5100000,0x00000058d5200000)]
  0x00000213931ba000 JavaThread "Common-Cleaner" daemon [_thread_blocked, id=6864, stack(0x00000058d5300000,0x00000058d5400000)]

Other Threads:
  0x00000213ffe2c940 VMThread "VM Thread" [stack: 0x00000058d4700000,0x00000058d4800000] [id=4940]
  0x00000213f51ee940 WatcherThread [stack: 0x00000058d5200000,0x00000058d5300000] [id=1772]
  0x00000213f51d5cb0 GCTaskThread "GC Thread#0" [stack: 0x00000058d4200000,0x00000058d4300000] [id=10700]
  0x0000021393891560 GCTaskThread "GC Thread#1" [stack: 0x00000058d5400000,0x00000058d5500000] [id=6468]
  0x00000213935cec90 GCTaskThread "GC Thread#2" [stack: 0x00000058d5500000,0x00000058d5600000] [id=21752]
  0x00000213938c90c0 GCTaskThread "GC Thread#3" [stack: 0x00000058d5600000,0x00000058d5700000] [id=1296]
  0x00000213938ca790 GCTaskThread "GC Thread#4" [stack: 0x00000058d5700000,0x00000058d5800000] [id=13520]
  0x00000213f51e79c0 ConcurrentGCThread "G1 Main Marker" [stack: 0x00000058d4300000,0x00000058d4400000] [id=11896]
  0x00000213f51e83d0 ConcurrentGCThread "G1 Conc#0" [stack: 0x00000058d4400000,0x00000058d4500000] [id=11636]
  0x00000213f523dc10 ConcurrentGCThread "G1 Refine#0" [stack: 0x00000058d4500000,0x00000058d4600000] [id=20764]
  0x00000213f523e630 ConcurrentGCThread "G1 Service" [stack: 0x00000058d4600000,0x00000058d4700000] [id=13464]

Threads with active compile tasks:

VM state: not at safepoint (normal execution)

VM Mutex/Monitor currently owned by a thread:  ([mutex/lock_event])
[0x00000213f2fab710] Metaspace_lock - owner thread: 0x00000213f517b8d0

Heap address: 0x0000000083200000, size: 1998 MB, Compressed Oops mode: 32-bit

CDS archive(s) not mapped
Compressed class space mapped at: 0x0000000100000000-0x0000000140000000, reserved size: 1073741824
Narrow klass base: 0x0000000000000000, Narrow klass shift: 3, Narrow klass range: 0x140000000

GC Precious Log:
 CPUs: 8 total, 8 available
 Memory: 7987M
 Large Page Support: Disabled
 NUMA Support: Disabled
 Compressed Oops: Enabled (32-bit)
 Heap Region Size: 1M
 Heap Min Capacity: 8M
 Heap Initial Capacity: 126M
 Heap Max Capacity: 1998M
 Pre-touch: Disabled
 Parallel Workers: 8
 Concurrent Workers: 2
 Concurrent Refinement Workers: 8
 Periodic GC: Disabled

Heap:
 garbage-first heap   total 129024K, used 30388K [0x0000000083200000, 0x0000000100000000)
  region size 1024K, 27 young (27648K), 3 survivors (3072K)
 Metaspace       used 18975K, committed 19072K, reserved 1114112K
  class space    used 2035K, committed 2112K, reserved 1048576K

Heap Regions: E=young(eden), S=young(survivor), O=old, HS=humongous(starts), HC=humongous(continues), CS=collection set, F=free, OA=open archive, CA=closed archive, TAMS=top-at-mark-start (previous, next)
|   0|0x0000000083200000, 0x0000000083300000, 0x0000000083300000|100%|HS|  |TAMS 0x0000000083200000, 0x0000000083200000| Complete 
|   1|0x0000000083300000, 0x0000000083400000, 0x0000000083400000|100%|HC|  |TAMS 0x0000000083300000, 0x0000000083300000| Complete 
|   2|0x0000000083400000, 0x0000000083500000, 0x0000000083500000|100%|HC|  |TAMS 0x0000000083400000, 0x0000000083400000| Complete 
|   3|0x0000000083500000, 0x0000000083600000, 0x0000000083600000|100%|HC|  |TAMS 0x0000000083500000, 0x0000000083500000| Complete 
|   4|0x0000000083600000, 0x0000000083600000, 0x0000000083700000|  0%| F|  |TAMS 0x0000000083600000, 0x0000000083600000| Untracked 
|   5|0x0000000083700000, 0x0000000083700000, 0x0000000083800000|  0%| F|  |TAMS 0x0000000083700000, 0x0000000083700000| Untracked 
|   6|0x0000000083800000, 0x0000000083800000, 0x0000000083900000|  0%| F|  |TAMS 0x0000000083800000, 0x0000000083800000| Untracked 
|   7|0x0000000083900000, 0x0000000083900000, 0x0000000083a00000|  0%| F|  |TAMS 0x0000000083900000, 0x0000000083900000| Untracked 
|   8|0x0000000083a00000, 0x0000000083a00000, 0x0000000083b00000|  0%| F|  |TAMS 0x0000000083a00000, 0x0000000083a00000| Untracked 
|   9|0x0000000083b00000, 0x0000000083b00000, 0x0000000083c00000|  0%| F|  |TAMS 0x0000000083b00000, 0x0000000083b00000| Untracked 
|  10|0x0000000083c00000, 0x0000000083c00000, 0x0000000083d00000|  0%| F|  |TAMS 0x0000000083c00000, 0x0000000083c00000| Untracked 
|  11|0x0000000083d00000, 0x0000000083d00000, 0x0000000083e00000|  0%| F|  |TAMS 0x0000000083d00000, 0x0000000083d00000| Untracked 
|  12|0x0000000083e00000, 0x0000000083e00000, 0x0000000083f00000|  0%| F|  |TAMS 0x0000000083e00000, 0x0000000083e00000| Untracked 
|  13|0x0000000083f00000, 0x0000000083f00000, 0x0000000084000000|  0%| F|  |TAMS 0x0000000083f00000, 0x0000000083f00000| Untracked 
|  14|0x0000000084000000, 0x0000000084000000, 0x0000000084100000|  0%| F|  |TAMS 0x0000000084000000, 0x0000000084000000| Untracked 
|  15|0x0000000084100000, 0x0000000084100000, 0x0000000084200000|  0%| F|  |TAMS 0x0000000084100000, 0x0000000084100000| Untracked 
|  16|0x0000000084200000, 0x0000000084200000, 0x0000000084300000|  0%| F|  |TAMS 0x0000000084200000, 0x0000000084200000| Untracked 
|  17|0x0000000084300000, 0x0000000084300000, 0x0000000084400000|  0%| F|  |TAMS 0x0000000084300000, 0x0000000084300000| Untracked 
|  18|0x0000000084400000, 0x0000000084400000, 0x0000000084500000|  0%| F|  |TAMS 0x0000000084400000, 0x0000000084400000| Untracked 
|  19|0x0000000084500000, 0x0000000084500000, 0x0000000084600000|  0%| F|  |TAMS 0x0000000084500000, 0x0000000084500000| Untracked 
|  20|0x0000000084600000, 0x0000000084600000, 0x0000000084700000|  0%| F|  |TAMS 0x0000000084600000, 0x0000000084600000| Untracked 
|  21|0x0000000084700000, 0x0000000084700000, 0x0000000084800000|  0%| F|  |TAMS 0x0000000084700000, 0x0000000084700000| Untracked 
|  22|0x0000000084800000, 0x0000000084800000, 0x0000000084900000|  0%| F|  |TAMS 0x0000000084800000, 0x0000000084800000| Untracked 
|  23|0x0000000084900000, 0x0000000084900000, 0x0000000084a00000|  0%| F|  |TAMS 0x0000000084900000, 0x0000000084900000| Untracked 
|  24|0x0000000084a00000, 0x0000000084a00000, 0x0000000084b00000|  0%| F|  |TAMS 0x0000000084a00000, 0x0000000084a00000| Untracked 
|  25|0x0000000084b00000, 0x0000000084b00000, 0x0000000084c00000|  0%| F|  |TAMS 0x0000000084b00000, 0x0000000084b00000| Untracked 
|  26|0x0000000084c00000, 0x0000000084c00000, 0x0000000084d00000|  0%| F|  |TAMS 0x0000000084c00000, 0x0000000084c00000| Untracked 
|  27|0x0000000084d00000, 0x0000000084d00000, 0x0000000084e00000|  0%| F|  |TAMS 0x0000000084d00000, 0x0000000084d00000| Untracked 
|  28|0x0000000084e00000, 0x0000000084e00000, 0x0000000084f00000|  0%| F|  |TAMS 0x0000000084e00000, 0x0000000084e00000| Untracked 
|  29|0x0000000084f00000, 0x0000000084f00000, 0x0000000085000000|  0%| F|  |TAMS 0x0000000084f00000, 0x0000000084f00000| Untracked 
|  30|0x0000000085000000, 0x0000000085000000, 0x0000000085100000|  0%| F|  |TAMS 0x0000000085000000, 0x0000000085000000| Untracked 
|  31|0x0000000085100000, 0x0000000085100000, 0x0000000085200000|  0%| F|  |TAMS 0x0000000085100000, 0x0000000085100000| Untracked 
|  32|0x0000000085200000, 0x0000000085200000, 0x0000000085300000|  0%| F|  |TAMS 0x0000000085200000, 0x0000000085200000| Untracked 
|  33|0x0000000085300000, 0x0000000085300000, 0x0000000085400000|  0%| F|  |TAMS 0x0000000085300000, 0x0000000085300000| Untracked 
|  34|0x0000000085400000, 0x0000000085400000, 0x0000000085500000|  0%| F|  |TAMS 0x0000000085400000, 0x0000000085400000| Untracked 
|  35|0x0000000085500000, 0x0000000085500000, 0x0000000085600000|  0%| F|  |TAMS 0x0000000085500000, 0x0000000085500000| Untracked 
|  36|0x0000000085600000, 0x0000000085600000, 0x0000000085700000|  0%| F|  |TAMS 0x0000000085600000, 0x0000000085600000| Untracked 
|  37|0x0000000085700000, 0x0000000085700000, 0x0000000085800000|  0%| F|  |TAMS 0x0000000085700000, 0x0000000085700000| Untracked 
|  38|0x0000000085800000, 0x0000000085800000, 0x0000000085900000|  0%| F|  |TAMS 0x0000000085800000, 0x0000000085800000| Untracked 
|  39|0x0000000085900000, 0x0000000085900000, 0x0000000085a00000|  0%| F|  |TAMS 0x0000000085900000, 0x0000000085900000| Untracked 
|  40|0x0000000085a00000, 0x0000000085a00000, 0x0000000085b00000|  0%| F|  |TAMS 0x0000000085a00000, 0x0000000085a00000| Untracked 
|  41|0x0000000085b00000, 0x0000000085b00000, 0x0000000085c00000|  0%| F|  |TAMS 0x0000000085b00000, 0x0000000085b00000| Untracked 
|  42|0x0000000085c00000, 0x0000000085c00000, 0x0000000085d00000|  0%| F|  |TAMS 0x0000000085c00000, 0x0000000085c00000| Untracked 
|  43|0x0000000085d00000, 0x0000000085d00000, 0x0000000085e00000|  0%| F|  |TAMS 0x0000000085d00000, 0x0000000085d00000| Untracked 
|  44|0x0000000085e00000, 0x0000000085e00000, 0x0000000085f00000|  0%| F|  |TAMS 0x0000000085e00000, 0x0000000085e00000| Untracked 
|  45|0x0000000085f00000, 0x0000000085f00000, 0x0000000086000000|  0%| F|  |TAMS 0x0000000085f00000, 0x0000000085f00000| Untracked 
|  46|0x0000000086000000, 0x0000000086000000, 0x0000000086100000|  0%| F|  |TAMS 0x0000000086000000, 0x0000000086000000| Untracked 
|  47|0x0000000086100000, 0x0000000086100000, 0x0000000086200000|  0%| F|  |TAMS 0x0000000086100000, 0x0000000086100000| Untracked 
|  48|0x0000000086200000, 0x0000000086200000, 0x0000000086300000|  0%| F|  |TAMS 0x0000000086200000, 0x0000000086200000| Untracked 
|  49|0x0000000086300000, 0x0000000086300000, 0x0000000086400000|  0%| F|  |TAMS 0x0000000086300000, 0x0000000086300000| Untracked 
|  50|0x0000000086400000, 0x0000000086400000, 0x0000000086500000|  0%| F|  |TAMS 0x0000000086400000, 0x0000000086400000| Untracked 
|  51|0x0000000086500000, 0x0000000086500000, 0x0000000086600000|  0%| F|  |TAMS 0x0000000086500000, 0x0000000086500000| Untracked 
|  52|0x0000000086600000, 0x0000000086600000, 0x0000000086700000|  0%| F|  |TAMS 0x0000000086600000, 0x0000000086600000| Untracked 
|  53|0x0000000086700000, 0x0000000086700000, 0x0000000086800000|  0%| F|  |TAMS 0x0000000086700000, 0x0000000086700000| Untracked 
|  54|0x0000000086800000, 0x0000000086800000, 0x0000000086900000|  0%| F|  |TAMS 0x0000000086800000, 0x0000000086800000| Untracked 
|  55|0x0000000086900000, 0x0000000086900000, 0x0000000086a00000|  0%| F|  |TAMS 0x0000000086900000, 0x0000000086900000| Untracked 
|  56|0x0000000086a00000, 0x0000000086a00000, 0x0000000086b00000|  0%| F|  |TAMS 0x0000000086a00000, 0x0000000086a00000| Untracked 
|  57|0x0000000086b00000, 0x0000000086b00000, 0x0000000086c00000|  0%| F|  |TAMS 0x0000000086b00000, 0x0000000086b00000| Untracked 
|  58|0x0000000086c00000, 0x0000000086c00000, 0x0000000086d00000|  0%| F|  |TAMS 0x0000000086c00000, 0x0000000086c00000| Untracked 
|  59|0x0000000086d00000, 0x0000000086d00000, 0x0000000086e00000|  0%| F|  |TAMS 0x0000000086d00000, 0x0000000086d00000| Untracked 
|  60|0x0000000086e00000, 0x0000000086e00000, 0x0000000086f00000|  0%| F|  |TAMS 0x0000000086e00000, 0x0000000086e00000| Untracked 
|  61|0x0000000086f00000, 0x0000000086f00000, 0x0000000087000000|  0%| F|  |TAMS 0x0000000086f00000, 0x0000000086f00000| Untracked 
|  62|0x0000000087000000, 0x0000000087000000, 0x0000000087100000|  0%| F|  |TAMS 0x0000000087000000, 0x0000000087000000| Untracked 
|  63|0x0000000087100000, 0x0000000087100000, 0x0000000087200000|  0%| F|  |TAMS 0x0000000087100000, 0x0000000087100000| Untracked 
|  64|0x0000000087200000, 0x0000000087200000, 0x0000000087300000|  0%| F|  |TAMS 0x0000000087200000, 0x0000000087200000| Untracked 
|  65|0x0000000087300000, 0x0000000087300000, 0x0000000087400000|  0%| F|  |TAMS 0x0000000087300000, 0x0000000087300000| Untracked 
|  66|0x0000000087400000, 0x0000000087400000, 0x0000000087500000|  0%| F|  |TAMS 0x0000000087400000, 0x0000000087400000| Untracked 
|  67|0x0000000087500000, 0x0000000087500000, 0x0000000087600000|  0%| F|  |TAMS 0x0000000087500000, 0x0000000087500000| Untracked 
|  68|0x0000000087600000, 0x0000000087600000, 0x0000000087700000|  0%| F|  |TAMS 0x0000000087600000, 0x0000000087600000| Untracked 
|  69|0x0000000087700000, 0x0000000087700000, 0x0000000087800000|  0%| F|  |TAMS 0x0000000087700000, 0x0000000087700000| Untracked 
|  70|0x0000000087800000, 0x0000000087800000, 0x0000000087900000|  0%| F|  |TAMS 0x0000000087800000, 0x0000000087800000| Untracked 
|  71|0x0000000087900000, 0x0000000087900000, 0x0000000087a00000|  0%| F|  |TAMS 0x0000000087900000, 0x0000000087900000| Untracked 
|  72|0x0000000087a00000, 0x0000000087a00000, 0x0000000087b00000|  0%| F|  |TAMS 0x0000000087a00000, 0x0000000087a00000| Untracked 
|  73|0x0000000087b00000, 0x0000000087b00000, 0x0000000087c00000|  0%| F|  |TAMS 0x0000000087b00000, 0x0000000087b00000| Untracked 
|  74|0x0000000087c00000, 0x0000000087c00000, 0x0000000087d00000|  0%| F|  |TAMS 0x0000000087c00000, 0x0000000087c00000| Untracked 
|  75|0x0000000087d00000, 0x0000000087d00000, 0x0000000087e00000|  0%| F|  |TAMS 0x0000000087d00000, 0x0000000087d00000| Untracked 
|  76|0x0000000087e00000, 0x0000000087e00000, 0x0000000087f00000|  0%| F|  |TAMS 0x0000000087e00000, 0x0000000087e00000| Untracked 
|  77|0x0000000087f00000, 0x0000000087f00000, 0x0000000088000000|  0%| F|  |TAMS 0x0000000087f00000, 0x0000000087f00000| Untracked 
|  78|0x0000000088000000, 0x0000000088000000, 0x0000000088100000|  0%| F|  |TAMS 0x0000000088000000, 0x0000000088000000| Untracked 
|  79|0x0000000088100000, 0x0000000088100000, 0x0000000088200000|  0%| F|  |TAMS 0x0000000088100000, 0x0000000088100000| Untracked 
|  80|0x0000000088200000, 0x0000000088200000, 0x0000000088300000|  0%| F|  |TAMS 0x0000000088200000, 0x0000000088200000| Untracked 
|  81|0x0000000088300000, 0x0000000088300000, 0x0000000088400000|  0%| F|  |TAMS 0x0000000088300000, 0x0000000088300000| Untracked 
|  82|0x0000000088400000, 0x0000000088400000, 0x0000000088500000|  0%| F|  |TAMS 0x0000000088400000, 0x0000000088400000| Untracked 
|  83|0x0000000088500000, 0x0000000088500000, 0x0000000088600000|  0%| F|  |TAMS 0x0000000088500000, 0x0000000088500000| Untracked 
|  84|0x0000000088600000, 0x0000000088600000, 0x0000000088700000|  0%| F|  |TAMS 0x0000000088600000, 0x0000000088600000| Untracked 
|  85|0x0000000088700000, 0x0000000088700000, 0x0000000088800000|  0%| F|  |TAMS 0x0000000088700000, 0x0000000088700000| Untracked 
|  86|0x0000000088800000, 0x0000000088800000, 0x0000000088900000|  0%| F|  |TAMS 0x0000000088800000, 0x0000000088800000| Untracked 
|  87|0x0000000088900000, 0x0000000088900000, 0x0000000088a00000|  0%| F|  |TAMS 0x0000000088900000, 0x0000000088900000| Untracked 
|  88|0x0000000088a00000, 0x0000000088a00000, 0x0000000088b00000|  0%| F|  |TAMS 0x0000000088a00000, 0x0000000088a00000| Untracked 
|  89|0x0000000088b00000, 0x0000000088b00000, 0x0000000088c00000|  0%| F|  |TAMS 0x0000000088b00000, 0x0000000088b00000| Untracked 
|  90|0x0000000088c00000, 0x0000000088c00000, 0x0000000088d00000|  0%| F|  |TAMS 0x0000000088c00000, 0x0000000088c00000| Untracked 
|  91|0x0000000088d00000, 0x0000000088d00000, 0x0000000088e00000|  0%| F|  |TAMS 0x0000000088d00000, 0x0000000088d00000| Untracked 
|  92|0x0000000088e00000, 0x0000000088e00000, 0x0000000088f00000|  0%| F|  |TAMS 0x0000000088e00000, 0x0000000088e00000| Untracked 
|  93|0x0000000088f00000, 0x0000000088f00000, 0x0000000089000000|  0%| F|  |TAMS 0x0000000088f00000, 0x0000000088f00000| Untracked 
|  94|0x0000000089000000, 0x0000000089000000, 0x0000000089100000|  0%| F|  |TAMS 0x0000000089000000, 0x0000000089000000| Untracked 
|  95|0x0000000089100000, 0x0000000089100000, 0x0000000089200000|  0%| F|  |TAMS 0x0000000089100000, 0x0000000089100000| Untracked 
|  96|0x0000000089200000, 0x0000000089200000, 0x0000000089300000|  0%| F|  |TAMS 0x0000000089200000, 0x0000000089200000| Untracked 
|  97|0x0000000089300000, 0x0000000089300000, 0x0000000089400000|  0%| F|  |TAMS 0x0000000089300000, 0x0000000089300000| Untracked 
|  98|0x0000000089400000, 0x0000000089400000, 0x0000000089500000|  0%| F|  |TAMS 0x0000000089400000, 0x0000000089400000| Untracked 
|  99|0x0000000089500000, 0x0000000089600000, 0x0000000089600000|100%| E|  |TAMS 0x0000000089500000, 0x0000000089500000| Complete 
| 100|0x0000000089600000, 0x00000000896ad2b0, 0x0000000089700000| 67%| S|CS|TAMS 0x0000000089600000, 0x0000000089600000| Complete 
| 101|0x0000000089700000, 0x0000000089800000, 0x0000000089800000|100%| S|CS|TAMS 0x0000000089700000, 0x0000000089700000| Complete 
| 102|0x0000000089800000, 0x0000000089900000, 0x0000000089900000|100%| S|CS|TAMS 0x0000000089800000, 0x0000000089800000| Complete 
| 103|0x0000000089900000, 0x0000000089a00000, 0x0000000089a00000|100%| E|CS|TAMS 0x0000000089900000, 0x0000000089900000| Complete 
| 104|0x0000000089a00000, 0x0000000089b00000, 0x0000000089b00000|100%| E|CS|TAMS 0x0000000089a00000, 0x0000000089a00000| Complete 
| 105|0x0000000089b00000, 0x0000000089c00000, 0x0000000089c00000|100%| E|CS|TAMS 0x0000000089b00000, 0x0000000089b00000| Complete 
| 106|0x0000000089c00000, 0x0000000089d00000, 0x0000000089d00000|100%| E|CS|TAMS 0x0000000089c00000, 0x0000000089c00000| Complete 
| 107|0x0000000089d00000, 0x0000000089e00000, 0x0000000089e00000|100%| E|CS|TAMS 0x0000000089d00000, 0x0000000089d00000| Complete 
| 108|0x0000000089e00000, 0x0000000089f00000, 0x0000000089f00000|100%| E|CS|TAMS 0x0000000089e00000, 0x0000000089e00000| Complete 
| 109|0x0000000089f00000, 0x000000008a000000, 0x000000008a000000|100%| E|CS|TAMS 0x0000000089f00000, 0x0000000089f00000| Complete 
| 110|0x000000008a000000, 0x000000008a100000, 0x000000008a100000|100%| E|CS|TAMS 0x000000008a000000, 0x000000008a000000| Complete 
| 111|0x000000008a100000, 0x000000008a200000, 0x000000008a200000|100%| E|CS|TAMS 0x000000008a100000, 0x000000008a100000| Complete 
| 112|0x000000008a200000, 0x000000008a300000, 0x000000008a300000|100%| E|CS|TAMS 0x000000008a200000, 0x000000008a200000| Complete 
| 113|0x000000008a300000, 0x000000008a400000, 0x000000008a400000|100%| E|CS|TAMS 0x000000008a300000, 0x000000008a300000| Complete 
| 114|0x000000008a400000, 0x000000008a500000, 0x000000008a500000|100%| E|CS|TAMS 0x000000008a400000, 0x000000008a400000| Complete 
| 115|0x000000008a500000, 0x000000008a600000, 0x000000008a600000|100%| E|CS|TAMS 0x000000008a500000, 0x000000008a500000| Complete 
| 116|0x000000008a600000, 0x000000008a700000, 0x000000008a700000|100%| E|CS|TAMS 0x000000008a600000, 0x000000008a600000| Complete 
| 117|0x000000008a700000, 0x000000008a800000, 0x000000008a800000|100%| E|CS|TAMS 0x000000008a700000, 0x000000008a700000| Complete 
| 118|0x000000008a800000, 0x000000008a900000, 0x000000008a900000|100%| E|CS|TAMS 0x000000008a800000, 0x000000008a800000| Complete 
| 119|0x000000008a900000, 0x000000008aa00000, 0x000000008aa00000|100%| E|CS|TAMS 0x000000008a900000, 0x000000008a900000| Complete 
| 120|0x000000008aa00000, 0x000000008ab00000, 0x000000008ab00000|100%| E|CS|TAMS 0x000000008aa00000, 0x000000008aa00000| Complete 
| 121|0x000000008ab00000, 0x000000008ac00000, 0x000000008ac00000|100%| E|CS|TAMS 0x000000008ab00000, 0x000000008ab00000| Complete 
| 122|0x000000008ac00000, 0x000000008ad00000, 0x000000008ad00000|100%| E|CS|TAMS 0x000000008ac00000, 0x000000008ac00000| Complete 
| 123|0x000000008ad00000, 0x000000008ae00000, 0x000000008ae00000|100%| E|CS|TAMS 0x000000008ad00000, 0x000000008ad00000| Complete 
| 124|0x000000008ae00000, 0x000000008af00000, 0x000000008af00000|100%| E|CS|TAMS 0x000000008ae00000, 0x000000008ae00000| Complete 
| 125|0x000000008af00000, 0x000000008b000000, 0x000000008b000000|100%| E|CS|TAMS 0x000000008af00000, 0x000000008af00000| Complete 

Card table byte_map: [0x00000213f8d70000,0x00000213f9160000] _byte_map_base: 0x00000213f8957000

Marking Bits (Prev, Next): (CMBitMap*) 0x00000213f51d76d0, (CMBitMap*) 0x00000213f51d7710
 Prev Bits: [0x00000213f9550000, 0x00000213fb488000)
 Next Bits: [0x00000213fb490000, 0x00000213fd3c8000)

Polling page: 0x00000213f3180000

Metaspace:

Usage:
  Non-class:     16.54 MB used.
      Class:      1.99 MB used.
       Both:     18.53 MB used.

Virtual space:
  Non-class space:       64.00 MB reserved,      16.56 MB ( 26%) committed,  1 nodes.
      Class space:        1.00 GB reserved,       2.06 MB ( <1%) committed,  1 nodes.
             Both:        1.06 GB reserved,      18.62 MB (  2%) committed. 

Chunk freelists:
   Non-Class:  14.80 MB
       Class:  13.81 MB
        Both:  28.61 MB

MaxMetaspaceSize: unlimited
CompressedClassSpaceSize: 1.00 GB
Initial GC threshold: 21.00 MB
Current GC threshold: 21.00 MB
CDS: off
MetaspaceReclaimPolicy: balanced
 - commit_granule_bytes: 65536.
 - commit_granule_words: 8192.
 - virtual_space_node_default_size: 8388608.
 - enlarge_chunks_in_place: 1.
 - new_chunks_are_fully_committed: 0.
 - uncommit_free_chunks: 1.
 - use_allocation_guard: 0.
 - handle_deallocations: 1.


Internal statistics:

num_allocs_failed_limit: 0.
num_arena_births: 46.
num_arena_deaths: 0.
num_vsnodes_births: 2.
num_vsnodes_deaths: 0.
num_space_committed: 298.
num_space_uncommitted: 0.
num_chunks_returned_to_freelist: 0.
num_chunks_taken_from_freelist: 422.
num_chunk_merges: 0.
num_chunk_splits: 345.
num_chunks_enlarged: 310.
num_inconsistent_stats: 0.

CodeHeap 'non-profiled nmethods': size=120000Kb used=504Kb max_used=504Kb free=119495Kb
 bounds [0x0000021387ad0000, 0x0000021387d40000, 0x000002138f000000]
CodeHeap 'profiled nmethods': size=120000Kb used=2956Kb max_used=2956Kb free=117043Kb
 bounds [0x0000021380000000, 0x00000213802f0000, 0x0000021387530000]
CodeHeap 'non-nmethods': size=5760Kb used=1198Kb max_used=1218Kb free=4561Kb
 bounds [0x0000021387530000, 0x00000213877a0000, 0x0000021387ad0000]
 total_blobs=2033 nmethods=1556 adapters=389
 compilation: enabled
              stopped_count=0, restarted_count=0
 full_count=0

Compilation events (20 events):
Event: 11.521 Thread 0x0000021393047370 1547       4       java.util.jar.JarFile::getEntry (35 bytes)
Event: 11.553 Thread 0x0000021393047370 nmethod 1547 0x0000021387b46a10 code [0x0000021387b46cc0, 0x0000021387b487c8]
Event: 11.652 Thread 0x0000021393047370 1548   !   4       jdk.internal.loader.URLClassPath$JarLoader::getResource (65 bytes)
Event: 11.681 Thread 0x0000021393047370 nmethod 1548 0x0000021387b49490 code [0x0000021387b49740, 0x0000021387b4ae00]
Event: 12.054 Thread 0x0000021393049890 1549       3       java.util.HashSet::<init> (18 bytes)
Event: 12.055 Thread 0x0000021393049890 nmethod 1549 0x00000213802e2210 code [0x00000213802e23e0, 0x00000213802e2768]
Event: 12.486 Thread 0x0000021393049890 1550       3       kotlin.collections.SetsKt__SetsKt::emptySet (7 bytes)
Event: 12.486 Thread 0x0000021393049890 nmethod 1550 0x00000213802e2910 code [0x00000213802e2aa0, 0x00000213802e2b98]
Event: 12.556 Thread 0x0000021393047370 1551       4       java.util.WeakHashMap::hash (28 bytes)
Event: 12.558 Thread 0x0000021393047370 nmethod 1551 0x0000021387b4bd10 code [0x0000021387b4bea0, 0x0000021387b4bfb8]
Event: 12.559 Thread 0x0000021393047370 1552   !   4       java.util.WeakHashMap::expungeStaleEntries (139 bytes)
Event: 12.562 Thread 0x0000021393047370 nmethod 1552 0x0000021387b4c090 code [0x0000021387b4c220, 0x0000021387b4c528]
Event: 12.584 Thread 0x0000021393047370 1553       4       java.lang.StringLatin1::regionMatchesCI (98 bytes)
Event: 12.592 Thread 0x0000021393047370 nmethod 1553 0x0000021387b4c690 code [0x0000021387b4c820, 0x0000021387b4cd98]
Event: 12.596 Thread 0x0000021393047370 1554       4       java.lang.String::regionMatches (150 bytes)
Event: 12.605 Thread 0x0000021393047370 nmethod 1554 0x0000021387b4d110 code [0x0000021387b4d2c0, 0x0000021387b4d9d8]
Event: 12.779 Thread 0x0000021393049890 1555       3       kotlin.collections.MapsKt__MapsJVMKt::mapCapacity (40 bytes)
Event: 12.779 Thread 0x0000021393049890 nmethod 1555 0x00000213802e2c10 code [0x00000213802e2de0, 0x00000213802e3058]
Event: 12.808 Thread 0x0000021393047370 1556       4       java.util.jar.JarFile::maybeInstantiateVerifier (42 bytes)
Event: 12.810 Thread 0x0000021393047370 nmethod 1556 0x0000021387b4df10 code [0x0000021387b4e0a0, 0x0000021387b4e188]

GC Heap History (2 events):
Event: 7.149 GC heap before
{Heap before GC invocations=0 (full 0):
 garbage-first heap   total 129024K, used 27648K [0x0000000083200000, 0x0000000100000000)
  region size 1024K, 23 young (23552K), 0 survivors (0K)
 Metaspace       used 13354K, committed 13440K, reserved 1114112K
  class space    used 1292K, committed 1344K, reserved 1048576K
}
Event: 7.154 GC heap after
{Heap after GC invocations=1 (full 0):
 garbage-first heap   total 129024K, used 6836K [0x0000000083200000, 0x0000000100000000)
  region size 1024K, 3 young (3072K), 3 survivors (3072K)
 Metaspace       used 13354K, committed 13440K, reserved 1114112K
  class space    used 1292K, committed 1344K, reserved 1048576K
}

Dll operation events (1 events):
Event: 0.012 Loaded shared library C:\Program Files\Android\Android Studio\jbr\bin\java.dll

Deoptimization events (20 events):
Event: 7.505 Thread 0x00000213f517b8d0 DEOPT PACKING pc=0x0000021387afdbbc sp=0x00000058d41fbd50
Event: 7.505 Thread 0x00000213f517b8d0 DEOPT UNPACKING pc=0x000002138758a1a3 sp=0x00000058d41fbc38 mode 2
Event: 7.541 Thread 0x00000213f517b8d0 Uncommon trap: trap_request=0xffffff45 fr.pc=0x0000021387af81f8 relative=0x0000000000000538
Event: 7.541 Thread 0x00000213f517b8d0 Uncommon trap: reason=unstable_if action=reinterpret pc=0x0000021387af81f8 method=java.util.concurrent.ConcurrentHashMap.get(Ljava/lang/Object;)Ljava/lang/Object; @ 76 c2
Event: 7.541 Thread 0x00000213f517b8d0 DEOPT PACKING pc=0x0000021387af81f8 sp=0x00000058d41fc220
Event: 7.541 Thread 0x00000213f517b8d0 DEOPT UNPACKING pc=0x000002138758a1a3 sp=0x00000058d41fc1a8 mode 2
Event: 8.019 Thread 0x00000213f517b8d0 Uncommon trap: trap_request=0xffffff45 fr.pc=0x0000021387b09a38 relative=0x00000000000004f8
Event: 8.019 Thread 0x00000213f517b8d0 Uncommon trap: reason=unstable_if action=reinterpret pc=0x0000021387b09a38 method=java.util.ArrayList.grow(I)[Ljava/lang/Object; @ 17 c2
Event: 8.019 Thread 0x00000213f517b8d0 DEOPT PACKING pc=0x0000021387b09a38 sp=0x00000058d41fda60
Event: 8.019 Thread 0x00000213f517b8d0 DEOPT UNPACKING pc=0x000002138758a1a3 sp=0x00000058d41fd8e8 mode 2
Event: 8.547 Thread 0x00000213f517b8d0 Uncommon trap: trap_request=0xffffff45 fr.pc=0x0000021387af78c0 relative=0x0000000000000220
Event: 8.547 Thread 0x00000213f517b8d0 Uncommon trap: reason=unstable_if action=reinterpret pc=0x0000021387af78c0 method=java.lang.String.startsWith(Ljava/lang/String;I)Z @ 14 c2
Event: 8.547 Thread 0x00000213f517b8d0 DEOPT PACKING pc=0x0000021387af78c0 sp=0x00000058d41fcb90
Event: 8.547 Thread 0x00000213f517b8d0 DEOPT UNPACKING pc=0x000002138758a1a3 sp=0x00000058d41fca98 mode 2
Event: 8.547 Thread 0x00000213f517b8d0 Uncommon trap: trap_request=0xffffff45 fr.pc=0x0000021387aefc9c relative=0x000000000000027c
Event: 8.547 Thread 0x00000213f517b8d0 Uncommon trap: reason=unstable_if action=reinterpret pc=0x0000021387aefc9c method=java.lang.String.startsWith(Ljava/lang/String;I)Z @ 14 c2
Event: 8.547 Thread 0x00000213f517b8d0 DEOPT PACKING pc=0x0000021387aefc9c sp=0x00000058d41fcb20
Event: 8.547 Thread 0x00000213f517b8d0 DEOPT UNPACKING pc=0x000002138758a1a3 sp=0x00000058d41fca98 mode 2
Event: 8.782 Thread 0x00000213f517b8d0 DEOPT PACKING pc=0x00000213802618b4 sp=0x00000058d41fde00
Event: 8.782 Thread 0x00000213f517b8d0 DEOPT UNPACKING pc=0x000002138758ace3 sp=0x00000058d41fd3d0 mode 0

Classes unloaded (0 events):
No events

Classes redefined (0 events):
No events

Internal exceptions (3 events):
Event: 8.615 Thread 0x00000213f517b8d0 Exception <a 'java/lang/NoSuchMethodError'{0x000000008a29a318}: 'java.lang.Object java.lang.invoke.DirectMethodHandle$Holder.newInvokeSpecial(java.lang.Object, java.lang.Object, java.lang.Object, java.lang.Object, java.lang.Object)'> (0x000000008a29a318) 
thrown [s\src\hotspot\share\interpreter\linkResolver.cpp, line 771]
Event: 10.573 Thread 0x00000213f517b8d0 Exception <a 'java/lang/NoSuchMethodError'{0x0000000089b5ff30}: 'int java.lang.invoke.DirectMethodHandle$Holder.invokeVirtual(java.lang.Object, java.lang.Object, java.lang.Object)'> (0x0000000089b5ff30) 
thrown [s\src\hotspot\share\interpreter\linkResolver.cpp, line 771]
Event: 10.652 Thread 0x00000213f517b8d0 Exception <a 'java/lang/NoSuchMethodError'{0x0000000089bdd7b8}: 'java.lang.Object java.lang.invoke.DirectMethodHandle$Holder.invokeStaticInit(java.lang.Object)'> (0x0000000089bdd7b8) 
thrown [s\src\hotspot\share\interpreter\linkResolver.cpp, line 771]

VM Operations (20 events):
Event: 6.611 Executing VM operation: Cleanup
Event: 6.611 Executing VM operation: Cleanup done
Event: 7.149 Executing VM operation: G1CollectForAllocation
Event: 7.154 Executing VM operation: G1CollectForAllocation done
Event: 7.507 Executing VM operation: HandshakeAllThreads
Event: 7.507 Executing VM operation: HandshakeAllThreads done
Event: 8.497 Executing VM operation: ICBufferFull
Event: 8.498 Executing VM operation: ICBufferFull done
Event: 8.782 Executing VM operation: HandshakeAllThreads
Event: 8.782 Executing VM operation: HandshakeAllThreads done
Event: 9.479 Executing VM operation: HandshakeAllThreads
Event: 9.479 Executing VM operation: HandshakeAllThreads done
Event: 10.494 Executing VM operation: Cleanup
Event: 10.496 Executing VM operation: Cleanup done
Event: 10.651 Executing VM operation: HandshakeAllThreads
Event: 10.651 Executing VM operation: HandshakeAllThreads done
Event: 11.665 Executing VM operation: Cleanup
Event: 11.665 Executing VM operation: Cleanup done
Event: 12.674 Executing VM operation: Cleanup
Event: 12.674 Executing VM operation: Cleanup done

Events (20 events):
Event: 10.317 loading class java/util/regex/Pattern$SliceS
Event: 10.317 loading class java/util/regex/Pattern$SliceS done
Event: 10.318 loading class java/net/URISyntaxException
Event: 10.318 loading class java/net/URISyntaxException done
Event: 10.323 loading class java/util/Spliterators$IteratorSpliterator
Event: 10.323 loading class java/util/Spliterators$IteratorSpliterator done
Event: 10.325 loading class java/util/stream/MatchOps$MatchKind
Event: 10.325 loading class java/util/stream/MatchOps$MatchKind done
Event: 10.325 loading class java/util/stream/MatchOps
Event: 10.326 loading class java/util/stream/MatchOps done
Event: 10.326 loading class java/util/stream/MatchOps$MatchOp
Event: 10.326 loading class java/util/stream/MatchOps$MatchOp done
Event: 10.326 loading class java/util/stream/MatchOps$BooleanTerminalSink
Event: 10.327 loading class java/util/stream/MatchOps$BooleanTerminalSink done
Event: 10.328 loading class java/util/stream/MatchOps$1MatchSink
Event: 10.328 loading class java/util/stream/MatchOps$1MatchSink done
Event: 10.574 loading class java/lang/invoke/DirectMethodHandle$Special
Event: 10.574 loading class java/lang/invoke/DirectMethodHandle$Special done
Event: 10.652 loading class java/lang/ThreadLocal$SuppliedThreadLocal
Event: 10.652 loading class java/lang/ThreadLocal$SuppliedThreadLocal done


Dynamic libraries:
0x00007ff6191e0000 - 0x00007ff6191ea000 	C:\Program Files\Android\Android Studio\jbr\bin\java.exe
0x00007ffe4b010000 - 0x00007ffe4b226000 	C:\WINDOWS\SYSTEM32\ntdll.dll
0x00007ffe49a40000 - 0x00007ffe49b04000 	C:\WINDOWS\System32\KERNEL32.DLL
0x00007ffe488e0000 - 0x00007ffe48c86000 	C:\WINDOWS\System32\KERNELBASE.dll
0x00007ffe48620000 - 0x00007ffe48731000 	C:\WINDOWS\System32\ucrtbase.dll
0x00007ffe36390000 - 0x00007ffe363ab000 	C:\Program Files\Android\Android Studio\jbr\bin\VCRUNTIME140.dll
0x00007ffe3b510000 - 0x00007ffe3b527000 	C:\Program Files\Android\Android Studio\jbr\bin\jli.dll
0x00007ffe49b10000 - 0x00007ffe49cbd000 	C:\WINDOWS\System32\USER32.dll
0x00007ffe48350000 - 0x00007ffe48376000 	C:\WINDOWS\System32\win32u.dll
0x00007ffe39be0000 - 0x00007ffe39e73000 	C:\WINDOWS\WinSxS\amd64_microsoft.windows.common-controls_6595b64144ccf1df_6.0.22621.3235_none_270f74e173860f98\COMCTL32.dll
0x00007ffe4ae20000 - 0x00007ffe4ae49000 	C:\WINDOWS\System32\GDI32.dll
0x00007ffe49cc0000 - 0x00007ffe49d67000 	C:\WINDOWS\System32\msvcrt.dll
0x00007ffe48740000 - 0x00007ffe48858000 	C:\WINDOWS\System32\gdi32full.dll
0x00007ffe48c90000 - 0x00007ffe48d2a000 	C:\WINDOWS\System32\msvcp_win.dll
0x00007ffe4ad00000 - 0x00007ffe4ad31000 	C:\WINDOWS\System32\IMM32.DLL
0x00007ffe417d0000 - 0x00007ffe417dc000 	C:\Program Files\Android\Android Studio\jbr\bin\vcruntime140_1.dll
0x00007ffe28ed0000 - 0x00007ffe28f5d000 	C:\Program Files\Android\Android Studio\jbr\bin\msvcp140.dll
0x00007ffe01b60000 - 0x00007ffe027e0000 	C:\Program Files\Android\Android Studio\jbr\bin\server\jvm.dll
0x00007ffe4ac40000 - 0x00007ffe4acf2000 	C:\WINDOWS\System32\ADVAPI32.dll
0x00007ffe4ae50000 - 0x00007ffe4aef8000 	C:\WINDOWS\System32\sechost.dll
0x00007ffe48d30000 - 0x00007ffe48d58000 	C:\WINDOWS\System32\bcrypt.dll
0x00007ffe49150000 - 0x00007ffe49265000 	C:\WINDOWS\System32\RPCRT4.dll
0x00007ffe41d50000 - 0x00007ffe41d5a000 	C:\WINDOWS\SYSTEM32\VERSION.dll
0x00007ffe3fc60000 - 0x00007ffe3fc94000 	C:\WINDOWS\SYSTEM32\WINMM.dll
0x00007ffe44190000 - 0x00007ffe44199000 	C:\WINDOWS\SYSTEM32\WSOCK32.dll
0x00007ffe48d60000 - 0x00007ffe48dd1000 	C:\WINDOWS\System32\WS2_32.dll
0x00007ffe47350000 - 0x00007ffe47368000 	C:\WINDOWS\SYSTEM32\kernel.appcore.dll
0x00007ffe42130000 - 0x00007ffe4213a000 	C:\Program Files\Android\Android Studio\jbr\bin\jimage.dll
0x00007ffe45d90000 - 0x00007ffe45fc3000 	C:\WINDOWS\SYSTEM32\DBGHELP.DLL
0x00007ffe49dc0000 - 0x00007ffe4a148000 	C:\WINDOWS\System32\combase.dll
0x00007ffe4ad40000 - 0x00007ffe4ae17000 	C:\WINDOWS\System32\OLEAUT32.dll
0x00007ffe36f30000 - 0x00007ffe36f62000 	C:\WINDOWS\SYSTEM32\dbgcore.DLL
0x00007ffe48860000 - 0x00007ffe488da000 	C:\WINDOWS\System32\bcryptPrimitives.dll
0x00007ffe3ff10000 - 0x00007ffe3ff35000 	C:\Program Files\Android\Android Studio\jbr\bin\java.dll
0x00007ffe40e30000 - 0x00007ffe40e48000 	C:\Program Files\Android\Android Studio\jbr\bin\zip.dll
0x00007ffe4a1f0000 - 0x00007ffe4aa4d000 	C:\WINDOWS\System32\SHELL32.dll
0x00007ffe46110000 - 0x00007ffe46a08000 	C:\WINDOWS\SYSTEM32\windows.storage.dll
0x00007ffe45fd0000 - 0x00007ffe4610e000 	C:\WINDOWS\SYSTEM32\wintypes.dll
0x00007ffe49280000 - 0x00007ffe49373000 	C:\WINDOWS\System32\SHCORE.dll
0x00007ffe4af00000 - 0x00007ffe4af5e000 	C:\WINDOWS\System32\shlwapi.dll
0x00007ffe48280000 - 0x00007ffe482a6000 	C:\WINDOWS\SYSTEM32\profapi.dll
0x00007ffe408a0000 - 0x00007ffe408b9000 	C:\Program Files\Android\Android Studio\jbr\bin\net.dll
0x00007ffe40c10000 - 0x00007ffe40d47000 	C:\WINDOWS\SYSTEM32\WINHTTP.dll
0x00007ffe477c0000 - 0x00007ffe47829000 	C:\WINDOWS\system32\mswsock.dll
0x00007ffe3b530000 - 0x00007ffe3b546000 	C:\Program Files\Android\Android Studio\jbr\bin\nio.dll

dbghelp: loaded successfully - version: 4.0.5 - missing functions: none
symbol engine: initialized successfully - sym options: 0x614 - pdb path: .;C:\Program Files\Android\Android Studio\jbr\bin;C:\WINDOWS\SYSTEM32;C:\WINDOWS\WinSxS\amd64_microsoft.windows.common-controls_6595b64144ccf1df_6.0.22621.3235_none_270f74e173860f98;C:\Program Files\Android\Android Studio\jbr\bin\server

VM Arguments:
java_command: org.jetbrains.kotlin.cli.jvm.K2JVMCompiler @C:\Users\joaoc\AndroidStudioProjects\DiceRoller\app\build\20240324_8366409413043303589.compiler.options
java_class_path (initial): C:\Users\joaoc\.gradle\caches\modules-2\files-2.1\org.jetbrains.kotlin\kotlin-compiler-embeddable\1.9.0\2c8c3a7402becca891f12739b3e9fd2dc2adbd7a\kotlin-compiler-embeddable-1.9.0.jar;C:\Users\joaoc\.gradle\caches\modules-2\files-2.1\org.jetbrains.kotlin\kotlin-stdlib\1.9.0\8ee15ef0c67dc83d874f412d84378d7f0eb50b63\kotlin-stdlib-1.9.0.jar;C:\Users\joaoc\.gradle\caches\modules-2\files-2.1\org.jetbrains.kotlin\kotlin-script-runtime\1.9.0\4b3102cbbb7e1b58d9d1adf89563f00069ffa7d1\kotlin-script-runtime-1.9.0.jar;C:\Users\joaoc\.gradle\caches\modules-2\files-2.1\org.jetbrains.kotlin\kotlin-reflect\1.6.10\1cbe9c92c12a94eea200d23c2bbaedaf3daf5132\kotlin-reflect-1.6.10.jar;C:\Users\joaoc\.gradle\caches\modules-2\files-2.1\org.jetbrains.kotlin\kotlin-daemon-embeddable\1.9.0\186543f5e28cf8d9a0290fecc2cf34301c40a65c\kotlin-daemon-embeddable-1.9.0.jar;C:\Users\joaoc\.gradle\caches\modules-2\files-2.1\org.jetbrains.intellij.deps\trove4j\1.0.20200330\3afb14d5f9ceb459d724e907a21145e8ff394f02\trove4j-1.0.20200330.jar;C:\Users\joaoc\.gradle\caches\modules-2\files-2.1\org.jetbrains.kotlin\kotlin-stdlib-common\1.9.0\cd65c21cfd1eec4d44ef09f9f52b6d9f8a720636\kotlin-stdlib-common-1.9.0.jar;C:\Users\joaoc\.gradle\caches\modules-2\files-2.1\org.jetbrains\annotations\13.0\919f0dfe192fb4e063e7dacadee7f8bb9a2672a9\annotations-13.0.jar
Launcher Type: SUN_STANDARD

[Global flags]
     intx CICompilerCount                          = 4                                         {product} {ergonomic}
     uint ConcGCThreads                            = 2                                         {product} {ergonomic}
     uint G1ConcRefinementThreads                  = 8                                         {product} {ergonomic}
   size_t G1HeapRegionSize                         = 1048576                                   {product} {ergonomic}
    uintx GCDrainStackTargetSize                   = 64                                        {product} {ergonomic}
   size_t InitialHeapSize                          = 132120576                                 {product} {ergonomic}
   size_t MarkStackSize                            = 4194304                                   {product} {ergonomic}
   size_t MaxHeapSize                              = 2095054848                                {product} {ergonomic}
   size_t MaxNewSize                               = 1256194048                                {product} {ergonomic}
   size_t MinHeapDeltaBytes                        = 1048576                                   {product} {ergonomic}
   size_t MinHeapSize                              = 8388608                                   {product} {ergonomic}
    uintx NonNMethodCodeHeapSize                   = 5839372                                {pd product} {ergonomic}
    uintx NonProfiledCodeHeapSize                  = 122909434                              {pd product} {ergonomic}
    uintx ProfiledCodeHeapSize                     = 122909434                              {pd product} {ergonomic}
    uintx ReservedCodeCacheSize                    = 251658240                              {pd product} {ergonomic}
     bool SegmentedCodeCache                       = true                                      {product} {ergonomic}
   size_t SoftMaxHeapSize                          = 2095054848                             {manageable} {ergonomic}
     bool UseCompressedClassPointers               = true                           {product lp64_product} {ergonomic}
     bool UseCompressedOops                        = true                           {product lp64_product} {ergonomic}
     bool UseG1GC                                  = true                                      {product} {ergonomic}
     bool UseLargePagesIndividualAllocation        = false                                  {pd product} {ergonomic}

Logging:
Log output configuration:
 #0: stdout all=warning uptime,level,tags
 #1: stderr all=off uptime,level,tags

Environment Variables:
PATH=C:\Program Files\Common Files\Oracle\Java\javapath;C:\Program Files (x86)\Common Files\Oracle\Java\javapath;C:\ProgramData\Oracle\Java\javapath;C:\WINDOWS\system32;C:\WINDOWS;C:\WINDOWS\System32\Wbem;C:\WINDOWS\System32\WindowsPowerShell\v1.0\;C:\WINDOWS\System32\OpenSSH\;C:\Program Files\Git\cmd;C:\Users\joaoc\AppData\Local\Microsoft\WindowsApps;;C:\Users\joaoc\AppData\Local\Programs\Microsoft VS Code\bin
USERNAME=joaoc
OS=Windows_NT
PROCESSOR_IDENTIFIER=Intel64 Family 6 Model 126 Stepping 5, GenuineIntel
TMP=C:\Users\joaoc\AppData\Local\Temp
TEMP=C:\Users\joaoc\AppData\Local\Temp


JNI global refs:
JNI global refs: 8, weak refs: 0

JNI global refs memory usage: 843, weak refs: 841

OOME stack traces (most recent first):
Classloader memory used:
Loader jdk.internal.loader.ClassLoaders$AppClassLoader                                 : 1260K
Loader bootstrap                                                                       : 1106K
Loader jdk.internal.reflect.DelegatingClassLoader                                      : 4646B


---------------  S Y S T E M  ---------------

OS:
 Windows 11 , 64 bit Build 22621 (10.0.22621.3235)
OS uptime: 9 days 10:50 hours
Hyper-V role detected

CPU: total 8 (initial active 8) (4 cores per cpu, 2 threads per core) family 6 model 126 stepping 5 microcode 0x86, cx8, cmov, fxsr, ht, mmx, 3dnowpref, sse, sse2, sse3, ssse3, sse4.1, sse4.2, popcnt, lzcnt, tsc, tscinvbit, avx, avx2, aes, erms, clmul, bmi1, bmi2, adx, avx512f, avx512dq, avx512cd, avx512bw, avx512vl, sha, fma, vzeroupper, avx512_vpopcntdq, avx512_vpclmulqdq, avx512_vaes, avx512_vnni, clflush, clflushopt, avx512_vbmi2, avx512_vbmi, hv

Memory: 4k page, system-wide physical 7987M (746M free)
TotalPageFile size 12083M (AvailPageFile size 1M)
current process WorkingSet (physical memory assigned to process): 89M, peak: 89M
current process commit charge ("private bytes"): 225M, peak: 227M

vm_info: OpenJDK 64-Bit Server VM (17.0.7+0-b2043.56-10550314) for windows-amd64 JRE (17.0.7+0-b2043.56-10550314), built on Jul 24 2023 18:27:45 by "androidbuild" with MS VC++ 16.10 / 16.11 (VS2019)

END.
